<?xml version="1.0" encoding="UTF-8"?>
<!-- Generated by org.testng.reporters.JUnitReportReporter -->
<testsuite hostname="lenovo" failures="0" tests="3" name="testngparallelexecution.SearchFunctionalityWithAssertion" time="12.550" errors="0" timestamp="2024-10-31T15:11:22 GST" skipped="0">
  <testcase classname="testngparallelexecution.SearchFunctionalityWithAssertion" name="searchWithExistingProduct" time="4.495"/>
  <testcase classname="testngparallelexecution.SearchFunctionalityWithAssertion" name="searchWithNonExistingProduct" time="4.475"/>
  <testcase classname="testngparallelexecution.SearchFunctionalityWithAssertion" name="searchWithOutProduct" time="3.580"/>
</testsuite> <!-- testngparallelexecution.SearchFunctionalityWithAssertion -->
