<?xml version="1.0" encoding="UTF-8"?>
<!-- Generated by org.testng.reporters.JUnitReportReporter -->
<testsuite hostname="lenovo" failures="0" tests="3" name="testngxml.Register" time="0.004" errors="0" timestamp="2024-10-30T21:05:05 GST" skipped="0">
  <testcase classname="testngxml.Register" name="registerWithAllFields" time="0.001"/>
  <testcase classname="testngxml.Register" name="registerWithMandatoryFields" time="0.002"/>
  <testcase classname="testngxml.Register" name="registerWithoutAnyFields" time="0.001"/>
</testsuite> <!-- testngxml.Register -->
