<?xml version="1.0" encoding="UTF-8"?>
<!-- Generated by org.testng.reporters.JUnitReportReporter -->
<testsuite hostname="lenovo" failures="0" tests="3" name="testngattributesxml.Login" time="0.019" errors="0" timestamp="2024-10-31T15:00:12 GST" skipped="0">
  <testcase classname="testngattributesxml.Login" name="loginWithValidCredentials" time="0.008"/>
  <testcase classname="testngattributesxml.Login" name="loginWithInValidCredentials" time="0.008"/>
  <testcase classname="testngattributesxml.Login" name="loginWithoutCredentials" time="0.003"/>
</testsuite> <!-- testngattributesxml.Login -->
