<?xml version="1.0" encoding="UTF-8"?>
<!-- Generated by org.testng.reporters.JUnitReportReporter -->
<testsuite hostname="lenovo" failures="0" tests="3" name="testngattributesxml.Register" time="0.018" errors="0" timestamp="2024-10-31T15:00:12 GST" skipped="0">
  <testcase classname="testngattributesxml.Register" name="registerWithAllFields" time="0.008"/>
  <testcase classname="testngattributesxml.Register" name="registerWithMandatoryFields" time="0.008"/>
  <testcase classname="testngattributesxml.Register" name="registerWithoutAnyFields" time="0.002"/>
</testsuite> <!-- testngattributesxml.Register -->
