<?xml version="1.0" encoding="UTF-8"?>
<!-- Generated by org.testng.reporters.JUnitReportReporter -->
<testsuite hostname="lenovo" failures="0" tests="3" name="testnglisteners.Register" time="0.003" errors="0" timestamp="2024-10-30T22:21:34 GST" skipped="2">
  <testcase classname="testnglisteners.Register" name="registerWithAllFields" time="0.001"/>
  <testcase classname="testnglisteners.Register" name="registerWithoutAnyFields" time="0.002">
    <skipped/>
  </testcase> <!-- registerWithoutAnyFields -->
  <testcase classname="testnglisteners.Register" name="registerWithMandatoryFields">
    <skipped/>
  </testcase> <!-- registerWithMandatoryFields -->
</testsuite> <!-- testnglisteners.Register -->
