<?xml version="1.0" encoding="UTF-8"?>
<!-- Generated by org.testng.reporters.JUnitReportReporter -->
<testsuite hostname="lenovo" failures="0" tests="3" name="testngattributesxml.Search" time="0.013" errors="0" timestamp="2024-10-31T15:00:12 GST" skipped="0">
  <testcase classname="testngattributesxml.Search" name="searchWithExistingProduct" time="0.008"/>
  <testcase classname="testngattributesxml.Search" name="searchWithoutExistingProduct" time="0.002"/>
  <testcase classname="testngattributesxml.Search" name="searchWithBlank" time="0.003"/>
</testsuite> <!-- testngattributesxml.Search -->
