<?xml version="1.0" encoding="UTF-8"?>
<!-- Generated by org.testng.reporters.JUnitReportReporter -->
<testsuite hostname="lenovo" failures="0" tests="3" name="parameterizationdatadriventesting.Login" time="19.433" errors="0" timestamp="2024-10-30T21:48:39 GST" skipped="0">
  <testcase classname="parameterizationdatadriventesting.Login" name="loginWithValidCredentials" time="5.980"/>
  <testcase classname="parameterizationdatadriventesting.Login" name="loginWithValidCredentials" time="6.067"/>
  <testcase classname="parameterizationdatadriventesting.Login" name="loginWithValidCredentials" time="7.386"/>
</testsuite> <!-- parameterizationdatadriventesting.Login -->
