<?xml version="1.0" encoding="UTF-8"?>
<!-- Generated by org.testng.reporters.JUnitReportReporter -->
<testsuite hostname="lenovo" failures="0" tests="3" name="testngxml.Search" time="0.021" errors="0" timestamp="2024-10-30T21:05:05 GST" skipped="0">
  <testcase classname="testngxml.Search" name="searchWithExistingProduct" time="0.017"/>
  <testcase classname="testngxml.Search" name="searchWithoutExistingProduct" time="0.003"/>
  <testcase classname="testngxml.Search" name="searchWithBlank" time="0.001"/>
</testsuite> <!-- testngxml.Search -->
