<?xml version="1.0" encoding="UTF-8"?>
<!-- Generated by org.testng.reporters.JUnitReportReporter -->
<testsuite hostname="lenovo" failures="0" tests="3" name="testngconcepts.SearchFunctionality" time="14.089" errors="0" timestamp="2024-10-30T16:48:01 GST" skipped="0">
  <testcase classname="testngconcepts.SearchFunctionality" name="searchWithNonExistingProduct" time="6.107"/>
  <testcase classname="testngconcepts.SearchFunctionality" name="searchWithOutProduct" time="4.376"/>
  <testcase classname="testngconcepts.SearchFunctionality" name="searchWithExistingProduct" time="3.606"/>
</testsuite> <!-- testngconcepts.SearchFunctionality -->
