<?xml version="1.0" encoding="UTF-8"?>
<!-- Generated by org.testng.reporters.JUnitReportReporter -->
<testsuite hostname="lenovo" failures="0" tests="3" name="testngxml.Login" time="0.005" errors="0" timestamp="2024-10-30T21:05:05 GST" skipped="0">
  <testcase classname="testngxml.Login" name="loginWithValidCredentials" time="0.001"/>
  <testcase classname="testngxml.Login" name="loginWithInValidCredentials" time="0.001"/>
  <testcase classname="testngxml.Login" name="loginWithoutCredentials" time="0.003"/>
</testsuite> <!-- testngxml.Login -->
