<?xml version="1.0" encoding="UTF-8"?>
<!-- Generated by org.testng.reporters.JUnitReportReporter -->
<testsuite hostname="lenovo" failures="0" tests="1" name="testngconcepts.WithTestng" time="13.608" errors="0" timestamp="2024-10-31T15:02:20 GST" skipped="0">
  <testcase classname="testngconcepts.WithTestng" name="getPageTitle" time="13.608"/>
</testsuite> <!-- testngconcepts.WithTestng -->
