<?xml version="1.0" encoding="UTF-8"?>
<!-- Generated by org.testng.reporters.JUnitReportReporter -->
<testsuite hostname="lenovo" failures="0" tests="3" name="testngparallelexecution.SearchFunctionalityWithPriority" time="10.929" errors="0" timestamp="2024-10-31T15:11:22 GST" skipped="0">
  <testcase classname="testngparallelexecution.SearchFunctionalityWithPriority" name="searchWithExistingProduct" time="3.710"/>
  <testcase classname="testngparallelexecution.SearchFunctionalityWithPriority" name="searchWithNonExistingProduct" time="3.908"/>
  <testcase classname="testngparallelexecution.SearchFunctionalityWithPriority" name="searchWithOutProduct" time="3.311"/>
</testsuite> <!-- testngparallelexecution.SearchFunctionalityWithPriority -->
