<?xml version="1.0" encoding="UTF-8"?>
<!-- Generated by org.testng.reporters.JUnitReportReporter -->
<testsuite hostname="lenovo" failures="0" tests="3" name="testngconcepts.SearchFunctionalityWithPriority" time="20.853" errors="0" timestamp="2024-10-31T15:02:20 GST" skipped="0">
  <testcase classname="testngconcepts.SearchFunctionalityWithPriority" name="searchWithExistingProduct" time="9.387"/>
  <testcase classname="testngconcepts.SearchFunctionalityWithPriority" name="searchWithNonExistingProduct" time="6.105"/>
  <testcase classname="testngconcepts.SearchFunctionalityWithPriority" name="searchWithOutProduct" time="5.361"/>
</testsuite> <!-- testngconcepts.SearchFunctionalityWithPriority -->
