<?xml version="1.0" encoding="UTF-8"?>
<!-- Generated by org.testng.reporters.JUnitReportReporter -->
<testsuite hostname="lenovo" failures="0" tests="3" name="testngconcepts.SearchFunctionalityWithAssertion" time="28.612" errors="0" timestamp="2024-10-31T15:02:20 GST" skipped="0">
  <testcase classname="testngconcepts.SearchFunctionalityWithAssertion" name="searchWithExistingProduct" time="9.577"/>
  <testcase classname="testngconcepts.SearchFunctionalityWithAssertion" name="searchWithOutProduct" time="9.480"/>
  <testcase classname="testngconcepts.SearchFunctionalityWithAssertion" name="searchWithNonExistingProduct" time="9.555"/>
</testsuite> <!-- testngconcepts.SearchFunctionalityWithAssertion -->
